实验噪声模型: ExperimentalNoise(η=0.85, dark=0.010, readout=0.020, shot=0.050)
使用设备: mps

⚠ 目标态: 带噪声的真实实验态（更符合实验实际）
============================================================
主动学习稀疏量子态层析 - 实验数据模拟
============================================================
目标: GKP态 (δ=0.3)
网格大小: 64x64
初始采样率: 3.0%
最大采样率: 12.0%
保真度阈值: 0.995
============================================================

[Round 1/10] 采样率: 2.98%
  训练CNN委员会...
  保真度: 0.87575
  MSE: 0.057815
  新增 61 个采样点

[Round 2/10] 采样率: 4.47%
  训练CNN委员会...
  保真度: 0.93350
  MSE: 0.032826
  新增 61 个采样点

[Round 3/10] 采样率: 5.96%
  训练CNN委员会...
  保真度: 0.29431
  MSE: 0.663093
  新增 61 个采样点

[Round 4/10] 采样率: 7.45%
  训练CNN委员会...
  保真度: 0.95460
  MSE: 0.022012
  新增 61 个采样点

[Round 5/10] 采样率: 8.94%
  训练CNN委员会...
  保真度: 0.97948
  MSE: 0.012686
  新增 61 个采样点

[Round 6/10] 采样率: 10.42%
  训练CNN委员会...
  保真度: 0.98845
  MSE: 0.005884
  新增 61 个采样点

[Round 7/10] 采样率: 11.91%
  训练CNN委员会...
  保真度: 0.98940
  MSE: 0.006806
  新增 61 个采样点

⚠ 已达到最大采样率 12.0%，停止训练
============================================================
最终保真度: 0.99032
最终采样率: 13.40%
============================================================

保存结果图到 tomography/experimental_tomography_results.png
保存委员会对比图到 tomography/committee_comparison.png

============================================================
委员会成员单独表现:
============================================================
  CNN1_ReLU           : F = 0.98293
  CNN2_Tanh           : F = 0.98831
  CNN3_LeakyReLU      : F = 0.93900
  CNN4_ResNet         : F = 0.98540
  CNN5_UNet           : F = 0.99252
  Committee Average   : F = 0.99032
  Standard Deviation  : σ = 0.01958
  Min Fidelity        : 0.93900
  Max Fidelity        : 0.99252
============================================================

程序执行完成!

============================================================
实验统计:
  总采样点数: 549
  采样率: 13.40%
  最终保真度: 0.99032
  训练轮数: 7
  早停: 否
============================================================
