使用设备: mps

步骤1: 校准噪声以产生目标保真度 0.95

开始噪声校准，目标保真度: 0.950
  迭代 1: scale=2.550, F=0.9980
  迭代 2: scale=3.775, F=0.9921
  迭代 3: scale=4.388, F=0.9868
  迭代 4: scale=4.694, F=0.9835
  迭代 5: scale=4.847, F=0.9817
  迭代 6: scale=4.923, F=0.9807
  迭代 7: scale=4.962, F=0.9802
  迭代 8: scale=4.981, F=0.9799
  迭代 9: scale=4.990, F=0.9798
  迭代 10: scale=4.995, F=0.9798
  迭代 11: scale=4.998, F=0.9797
  迭代 12: scale=4.999, F=0.9797
  迭代 13: scale=4.999, F=0.9797
  迭代 14: scale=5.000, F=0.9797
  迭代 15: scale=5.000, F=0.9797
  迭代 16: scale=5.000, F=0.9797
  迭代 17: scale=5.000, F=0.9797
  迭代 18: scale=5.000, F=0.9797
  迭代 19: scale=5.000, F=0.9797
  迭代 20: scale=5.000, F=0.9797
实验态创建完成: F₁ (实验vs理论) = 0.97970
============================================================
主动学习稀疏量子态层析 - 实验数据模拟 (F2优化)
============================================================
目标: GKP态 (δ=0.3)
目标保真度阈值: F₂ ≥ 0.99 (Recon vs Distorted Exp)
最大轮数: 30
============================================================

[Round 1/30] 采样率: 2.98%
  训练CNN委员会...
  F₂ (vs Exp):   0.90406
  F₃ (vs Ideal): 0.83936
  MSE: 0.033494
  新增 61 个采样点

[Round 2/30] 采样率: 4.47%
  训练CNN委员会...
  F₂ (vs Exp):   0.93670
  F₃ (vs Ideal): 0.88785
  MSE: 0.022419
  新增 61 个采样点

[Round 3/30] 采样率: 5.96%
  训练CNN委员会...
  F₂ (vs Exp):   0.92829
  F₃ (vs Ideal): 0.87943
  MSE: 0.024735
  新增 61 个采样点

[Round 4/30] 采样率: 7.45%
  训练CNN委员会...
  F₂ (vs Exp):   0.95460
  F₃ (vs Ideal): 0.91235
  MSE: 0.016436
  新增 61 个采样点

[Round 5/30] 采样率: 8.94%
  训练CNN委员会...
  F₂ (vs Exp):   0.96786
  F₃ (vs Ideal): 0.93173
  MSE: 0.011929
  新增 61 个采样点

[Round 6/30] 采样率: 10.42%
  训练CNN委员会...
  F₂ (vs Exp):   0.97046
  F₃ (vs Ideal): 0.93368
  MSE: 0.010469
  新增 61 个采样点

[Round 7/30] 采样率: 11.91%
  训练CNN委员会...
  F₂ (vs Exp):   0.97781
  F₃ (vs Ideal): 0.94462
  MSE: 0.007876
  新增 61 个采样点

[Round 8/30] 采样率: 13.40%
  训练CNN委员会...
  F₂ (vs Exp):   0.98058
  F₃ (vs Ideal): 0.94961
  MSE: 0.008198
  新增 61 个采样点

[Round 9/30] 采样率: 14.89%
  训练CNN委员会...
  F₂ (vs Exp):   0.97857
  F₃ (vs Ideal): 0.94748
  MSE: 0.010183
  新增 61 个采样点

[Round 10/30] 采样率: 16.38%
  训练CNN委员会...
  F₂ (vs Exp):   0.98381
  F₃ (vs Ideal): 0.95396
  MSE: 0.005936
  新增 61 个采样点

[Round 11/30] 采样率: 17.87%
  训练CNN委员会...
  F₂ (vs Exp):   0.98229
  F₃ (vs Ideal): 0.94974
  MSE: 0.006804
  新增 61 个采样点

[Round 12/30] 采样率: 19.36%
  训练CNN委员会...
  F₂ (vs Exp):   0.98702
  F₃ (vs Ideal): 0.95445
  MSE: 0.004626
  新增 61 个采样点

[Round 13/30] 采样率: 20.85%
  训练CNN委员会...
