使用设备: mps

步骤1: 校准噪声以产生目标保真度 0.95

开始噪声校准，目标保真度: 0.950
  迭代 1: scale=2.550, F=0.9997
  迭代 2: scale=3.775, F=0.9993
  迭代 3: scale=4.388, F=0.9990
  迭代 4: scale=4.694, F=0.9989
  迭代 5: scale=4.847, F=0.9988
  迭代 6: scale=4.923, F=0.9987
  迭代 7: scale=4.962, F=0.9987
  迭代 8: scale=4.981, F=0.9987
  迭代 9: scale=4.990, F=0.9987
  迭代 10: scale=4.995, F=0.9987
  迭代 11: scale=4.998, F=0.9987
  迭代 12: scale=4.999, F=0.9987
  迭代 13: scale=4.999, F=0.9987
  迭代 14: scale=5.000, F=0.9987
  迭代 15: scale=5.000, F=0.9987
  迭代 16: scale=5.000, F=0.9987
  迭代 17: scale=5.000, F=0.9987
  迭代 18: scale=5.000, F=0.9987
  迭代 19: scale=5.000, F=0.9987
  迭代 20: scale=5.000, F=0.9987
实验态创建完成: F₁ (实验vs理论) = 0.99871
============================================================
主动学习稀疏量子态层析 - 实验数据模拟 (F2优化)
============================================================
目标: GKP态 (δ=0.3)
目标保真度阈值: F₂ ≥ 0.99 (Recon vs Distorted Exp)
最大轮数: 30
============================================================

[Round 1/30] 采样率: 2.98%
  训练CNN委员会...
